\BOOKMARK [0][-]{chapter*.2}{\376\377\000L\000i\000s\000t\000e\000\040\000d\000e\000s\000\040\000f\000i\000g\000u\000r\000e\000s}{}% 1
\BOOKMARK [0][-]{chapter*.3}{\376\377\000L\000i\000s\000t\000e\000\040\000d\000e\000s\000\040\000t\000a\000b\000l\000e\000a\000u\000x}{}% 2
\BOOKMARK [0][-]{chapter*.4}{\376\377\000I\000n\000t\000r\000o\000d\000u\000c\000t\000i\000o\000n\000\040\000g\000\351\000n\000\351\000r\000a\000l\000e}{}% 3
\BOOKMARK [1][-]{section*.5}{\376\377\000C\000o\000n\000t\000e\000x\000t\000e}{chapter*.4}% 4
\BOOKMARK [1][-]{section*.6}{\376\377\000P\000r\000o\000b\000l\000\351\000m\000a\000t\000i\000q\000u\000e}{chapter*.4}% 5
\BOOKMARK [1][-]{section*.7}{\376\377\000O\000b\000j\000e\000c\000t\000i\000f\000s}{chapter*.4}% 6
\BOOKMARK [1][-]{section*.8}{\376\377\000O\000r\000g\000a\000n\000i\000s\000a\000t\000i\000o\000n\000\040\000d\000u\000\040\000r\000a\000p\000p\000o\000r\000t}{chapter*.4}% 7
\BOOKMARK [0][-]{chapter.1}{\376\377\000C\000o\000n\000t\000e\000x\000t\000e\000\040\000e\000t\000\040\000c\000o\000n\000c\000e\000p\000t\000s\000\040\000f\000o\000n\000d\000a\000m\000e\000n\000t\000a\000u\000x}{}% 8
\BOOKMARK [1][-]{section.1.1}{\376\377\000I\000n\000t\000r\000o\000d\000u\000c\000t\000i\000o\000n}{chapter.1}% 9
\BOOKMARK [1][-]{section.1.2}{\376\377\000L\000e\000s\000\040\000a\000t\000t\000a\000q\000u\000e\000s\000\040\000p\000a\000r\000\040\000d\000\351\000n\000i\000\040\000d\000e\000\040\000s\000e\000r\000v\000i\000c\000e\000\040\000d\000i\000s\000t\000r\000i\000b\000u\000\351\000\040\000\050\000D\000D\000o\000S\000\051}{chapter.1}% 10
\BOOKMARK [2][-]{subsection.1.2.1}{\376\377\000D\000\351\000f\000i\000n\000i\000t\000i\000o\000n\000\040}{section.1.2}% 11
\BOOKMARK [2][-]{subsection.1.2.2}{\376\377\000A\000r\000c\000h\000i\000t\000e\000c\000t\000u\000r\000e\000\040\000d\000'\000u\000n\000e\000\040\000a\000t\000t\000a\000q\000u\000e\000\040\000D\000D\000o\000S}{section.1.2}% 12
\BOOKMARK [2][-]{subsection.1.2.3}{\376\377\000C\000l\000a\000s\000s\000i\000f\000i\000c\000a\000t\000i\000o\000n\000\040\000d\000e\000s\000\040\000a\000t\000t\000a\000q\000u\000e\000s\000\040\000D\000D\000o\000S}{section.1.2}% 13
\BOOKMARK [3][-]{subsubsection.1.2.3.1}{\376\377\000A\000t\000t\000a\000q\000u\000e\000s\000\040\000v\000o\000l\000u\000m\000\351\000t\000r\000i\000q\000u\000e\000s}{subsection.1.2.3}% 14
\BOOKMARK [3][-]{subsubsection.1.2.3.2}{\376\377\000A\000t\000t\000a\000q\000u\000e\000s\000\040\000s\000u\000r\000\040\000l\000e\000s\000\040\000p\000r\000o\000t\000o\000c\000o\000l\000e\000s\000\040\000r\000\351\000s\000e\000a\000u}{subsection.1.2.3}% 15
\BOOKMARK [3][-]{subsubsection.1.2.3.3}{\376\377\000A\000t\000t\000a\000q\000u\000e\000s\000\040\000a\000p\000p\000l\000i\000c\000a\000t\000i\000v\000e\000s\000\040\000\050\000c\000o\000u\000c\000h\000e\000\040\0007\000\051}{subsection.1.2.3}% 16
\BOOKMARK [2][-]{subsection.1.2.4}{\376\377\000I\000m\000p\000a\000c\000t\000\040\000e\000t\000\040\000d\000o\000n\000n\000\351\000e\000s\000\040\000s\000t\000a\000t\000i\000s\000t\000i\000q\000u\000e\000s}{section.1.2}% 17
\BOOKMARK [1][-]{section.1.3}{\376\377\000I\000n\000f\000r\000a\000s\000t\000r\000u\000c\000t\000u\000r\000e\000\040\000d\000e\000\040\000m\000i\000t\000i\000g\000a\000t\000i\000o\000n\000\040\000D\000D\000o\000S}{chapter.1}% 18
\BOOKMARK [2][-]{subsection.1.3.1}{\376\377\000L\000e\000s\000\040\000s\000c\000r\000u\000b\000b\000i\000n\000g\000\040\000c\000e\000n\000t\000e\000r\000s\000\040\000:\000\040\000d\000\351\000f\000i\000n\000i\000t\000i\000o\000n\000\040\000e\000t\000\040\000r\000\364\000l\000e}{section.1.3}% 19
\BOOKMARK [2][-]{subsection.1.3.2}{\376\377\000L\000e\000s\000\040\000r\000\351\000s\000e\000a\000u\000x\000\040\000d\000e\000\040\000d\000i\000f\000f\000u\000s\000i\000o\000n\000\040\000d\000e\000\040\000c\000o\000n\000t\000e\000n\000u\000\040\000\050\000C\000D\000N\000\051\000\040\000c\000o\000m\000m\000e\000\040\000b\000o\000u\000c\000l\000i\000e\000r\000\040\000a\000n\000t\000i\000-\000D\000D\000o\000S}{section.1.3}% 20
\BOOKMARK [2][-]{subsection.1.3.3}{\376\377\000L\000e\000s\000\040\000p\000a\000r\000e\000-\000f\000e\000u\000\040\000e\000t\000\040\000s\000y\000s\000t\000\350\000m\000e\000s\000\040\000d\000e\000\040\000p\000r\000\351\000v\000e\000n\000t\000i\000o\000n\000\040\000d\000'\000i\000n\000t\000r\000u\000s\000i\000o\000n\000\040\000\050\000I\000P\000S\000\051}{section.1.3}% 21
\BOOKMARK [3][-]{subsubsection.1.3.3.1}{\376\377\000P\000a\000r\000e\000-\000f\000e\000u\000\040\000t\000r\000a\000d\000i\000t\000i\000o\000n\000n\000e\000l\000s\000\040\000e\000t\000\040\000n\000o\000u\000v\000e\000l\000l\000e\000\040\000g\000\351\000n\000\351\000r\000a\000t\000i\000o\000n\000\040\000\050\000N\000G\000F\000W\000\051}{subsection.1.3.3}% 22
\BOOKMARK [3][-]{subsubsection.1.3.3.2}{\376\377\000S\000y\000s\000t\000\350\000m\000e\000s\000\040\000d\000e\000\040\000p\000r\000\351\000v\000e\000n\000t\000i\000o\000n\000\040\000d\000'\000i\000n\000t\000r\000u\000s\000i\000o\000n\000\040\000\050\000I\000P\000S\000\051}{subsection.1.3.3}% 23
\BOOKMARK [2][-]{subsection.1.3.4}{\376\377\000L\000e\000\040\000b\000l\000a\000c\000k\000h\000o\000l\000i\000n\000g\000\040\000e\000t\000\040\000l\000e\000\040\000R\000T\000B\000H\000\040\000\050\000R\000e\000m\000o\000t\000e\000\040\000T\000r\000i\000g\000g\000e\000r\000e\000d\000\040\000B\000l\000a\000c\000k\000\040\000H\000o\000l\000e\000\051}{section.1.3}% 24
\BOOKMARK [2][-]{subsection.1.3.5}{\376\377\000L\000e\000s\000\040\000s\000e\000r\000v\000i\000c\000e\000s\000\040\000d\000e\000\040\000m\000i\000t\000i\000g\000a\000t\000i\000o\000n\000\040\000c\000l\000o\000u\000d\000\040\000\050\000C\000l\000o\000u\000d\000-\000b\000a\000s\000e\000d\000\040\000D\000D\000o\000S\000\040\000P\000r\000o\000t\000e\000c\000t\000i\000o\000n\000\051}{section.1.3}% 25
\BOOKMARK [2][-]{subsection.1.3.6}{\376\377\000T\000e\000c\000h\000n\000i\000q\000u\000e\000s\000\040\000d\000e\000\040\000r\000e\000d\000i\000r\000e\000c\000t\000i\000o\000n\000\040\000d\000u\000\040\000t\000r\000a\000f\000i\000c}{section.1.3}% 26
\BOOKMARK [2][-]{subsection.1.3.7}{\376\377\000S\000y\000n\000t\000h\000\350\000s\000e\000\040\000e\000t\000\040\000c\000o\000m\000p\000a\000r\000a\000i\000s\000o\000n\000\040\000d\000e\000s\000\040\000i\000n\000f\000r\000a\000s\000t\000r\000u\000c\000t\000u\000r\000e\000s\000\040\000d\000e\000\040\000m\000i\000t\000i\000g\000a\000t\000i\000o\000n}{section.1.3}% 27
\BOOKMARK [2][-]{subsection.1.3.8}{\376\377\000L\000i\000m\000i\000t\000e\000s\000\040\000d\000e\000s\000\040\000a\000p\000p\000r\000o\000c\000h\000e\000s\000\040\000c\000e\000n\000t\000r\000a\000l\000i\000s\000\351\000e\000s}{section.1.3}% 28
\BOOKMARK [1][-]{section.1.4}{\376\377\000A\000r\000c\000h\000i\000t\000e\000c\000t\000u\000r\000e\000\040\000p\000a\000i\000r\000-\000\340\000-\000p\000a\000i\000r\000\040\000p\000o\000u\000r\000\040\000l\000a\000\040\000c\000o\000o\000r\000d\000i\000n\000a\000t\000i\000o\000n\000\040\000i\000n\000t\000e\000r\000-\000n\001\123\000u\000d\000s}{chapter.1}% 29
\BOOKMARK [2][-]{subsection.1.4.1}{\376\377\000D\000\351\000f\000i\000n\000i\000t\000i\000o\000n\000\040\000e\000t\000\040\000p\000e\000r\000t\000i\000n\000e\000n\000c\000e\000\040\000d\000u\000\040\000m\000o\000d\000\350\000l\000e\000\040\000p\000a\000i\000r\000-\000\340\000-\000p\000a\000i\000r}{section.1.4}% 30
\BOOKMARK [2][-]{subsection.1.4.2}{\376\377\000T\000o\000p\000o\000l\000o\000g\000i\000e\000s\000\040\000e\000t\000\040\000p\000r\000o\000t\000o\000c\000o\000l\000e\000s\000\040\000P\0002\000P\000\040\000a\000p\000p\000l\000i\000c\000a\000b\000l\000e\000s\000\040\000\340\000\040\000l\000a\000\040\000m\000i\000t\000i\000g\000a\000t\000i\000o\000n}{section.1.4}% 31
\BOOKMARK [2][-]{subsection.1.4.3}{\376\377\000D\000\351\000f\000i\000s\000\040\000d\000u\000\040\000P\0002\000P\000\040\000a\000p\000p\000l\000i\000q\000u\000\351\000\040\000\340\000\040\000l\000a\000\040\000s\000\351\000c\000u\000r\000i\000t\000\351\000\040\000r\000\351\000s\000e\000a\000u}{section.1.4}% 32
\BOOKMARK [1][-]{section.1.5}{\376\377\000C\000o\000n\000c\000l\000u\000s\000i\000o\000n}{chapter.1}% 33
\BOOKMARK [0][-]{chapter.2}{\376\377\000\311\000t\000a\000t\000\040\000d\000e\000\040\000l\000'\000a\000r\000t}{}% 34
\BOOKMARK [1][-]{section.2.1}{\376\377\000I\000n\000t\000r\000o\000d\000u\000c\000t\000i\000o\000n}{chapter.2}% 35
\BOOKMARK [1][-]{section.2.2}{\376\377\000D\000O\000T\000S\000\040\040\024\000\040\000D\000D\000o\000S\000\040\000O\000p\000e\000n\000\040\000T\000h\000r\000e\000a\000t\000\040\000S\000i\000g\000n\000a\000l\000i\000n\000g}{chapter.2}% 36
\BOOKMARK [2][-]{subsection.2.2.1}{\376\377\000C\000o\000n\000t\000e\000x\000t\000e\000\040\000e\000t\000\040\000m\000o\000t\000i\000v\000a\000t\000i\000o\000n}{section.2.2}% 37
\BOOKMARK [2][-]{subsection.2.2.2}{\376\377\000A\000r\000c\000h\000i\000t\000e\000c\000t\000u\000r\000e\000\040\000e\000t\000\040\000f\000o\000n\000c\000t\000i\000o\000n\000n\000e\000m\000e\000n\000t}{section.2.2}% 38
\BOOKMARK [3][-]{subsubsection.2.2.2.1}{\376\377\000C\000a\000n\000a\000l\000\040\000d\000e\000\040\000s\000i\000g\000n\000a\000l\000i\000s\000a\000t\000i\000o\000n\000\040\000\050\000S\000i\000g\000n\000a\000l\000\040\000C\000h\000a\000n\000n\000e\000l\000\051}{subsection.2.2.2}% 39
\BOOKMARK [3][-]{subsubsection.2.2.2.2}{\376\377\000C\000a\000n\000a\000l\000\040\000d\000e\000\040\000d\000o\000n\000n\000\351\000e\000s\000\040\000\050\000D\000a\000t\000a\000\040\000C\000h\000a\000n\000n\000e\000l\000\051}{subsection.2.2.2}% 40
\BOOKMARK [2][-]{subsection.2.2.3}{\376\377\000L\000i\000m\000i\000t\000e\000s\000\040\000i\000d\000e\000n\000t\000i\000f\000i\000\351\000e\000s}{section.2.2}% 41
\BOOKMARK [1][-]{section.2.3}{\376\377\000D\000D\000o\000S\000\040\000C\000l\000e\000a\000r\000i\000n\000g\000\040\000H\000o\000u\000s\000e\000\040\040\024\000\040\000P\000a\000r\000t\000a\000g\000e\000\040\000c\000o\000l\000l\000a\000b\000o\000r\000a\000t\000i\000f\000\040\000d\000e\000\040\000f\000i\000n\000g\000e\000r\000p\000r\000i\000n\000t\000s}{chapter.2}% 42
\BOOKMARK [2][-]{subsection.2.3.1}{\376\377\000C\000o\000n\000t\000e\000x\000t\000e\000\040\000e\000t\000\040\000m\000o\000t\000i\000v\000a\000t\000i\000o\000n}{section.2.3}% 43
\BOOKMARK [2][-]{subsection.2.3.2}{\376\377\000A\000r\000c\000h\000i\000t\000e\000c\000t\000u\000r\000e\000\040\000e\000t\000\040\000f\000o\000n\000c\000t\000i\000o\000n\000n\000e\000m\000e\000n\000t}{section.2.3}% 44
\BOOKMARK [3][-]{subsubsection.2.3.2.1}{\376\377\000L\000e\000\040\000D\000D\000o\000S\000\040\000F\000i\000n\000g\000e\000r\000p\000r\000i\000n\000t\000\040\000:\000\040\000s\000t\000r\000u\000c\000t\000u\000r\000e\000\040\000e\000t\000\040\000c\000o\000n\000t\000e\000n\000u}{subsection.2.3.2}% 45
\BOOKMARK [3][-]{subsubsection.2.3.2.2}{\376\377\000A\000r\000c\000h\000i\000t\000e\000c\000t\000u\000r\000e\000\040\000l\000o\000g\000i\000c\000i\000e\000l\000l\000e}{subsection.2.3.2}% 46
\BOOKMARK [2][-]{subsection.2.3.3}{\376\377\000L\000i\000m\000i\000t\000e\000s\000\040\000i\000d\000e\000n\000t\000i\000f\000i\000\351\000e\000s}{section.2.3}% 47
\BOOKMARK [1][-]{section.2.4}{\376\377\000N\000a\000W\000a\000s\000\040\000/\000\040\000N\000B\000I\000P\000\040\040\024\000\040\000C\000e\000n\000t\000r\000e\000\040\000n\000a\000t\000i\000o\000n\000a\000l\000\040\000d\000e\000\040\000s\000c\000r\000u\000b\000b\000i\000n\000g\000\040\000m\000u\000t\000u\000a\000l\000i\000s\000\351}{chapter.2}% 48
\BOOKMARK [2][-]{subsection.2.4.1}{\376\377\000C\000o\000n\000t\000e\000x\000t\000e\000\040\000e\000t\000\040\000a\000r\000c\000h\000i\000t\000e\000c\000t\000u\000r\000e}{section.2.4}% 49
\BOOKMARK [3][-]{subsubsection.2.4.1.1}{\376\377\000M\000\351\000c\000a\000n\000i\000s\000m\000e\000\040\000d\000e\000\040\000r\000e\000d\000i\000r\000e\000c\000t\000i\000o\000n\000\040\000B\000G\000P}{subsection.2.4.1}% 50
\BOOKMARK [2][-]{subsection.2.4.2}{\376\377\000L\000i\000m\000i\000t\000e\000s\000\040\000i\000d\000e\000n\000t\000i\000f\000i\000\351\000e\000s}{section.2.4}% 51
\BOOKMARK [1][-]{section.2.5}{\376\377\000D\000e\000f\000C\000O\000M\000\040\040\024\000\040\000D\000i\000s\000t\000r\000i\000b\000u\000t\000e\000d\000\040\000C\000o\000o\000p\000e\000r\000a\000t\000i\000v\000e\000\040\000O\000v\000e\000r\000l\000a\000y\000\040\000D\000e\000f\000e\000n\000s\000e}{chapter.2}% 52
\BOOKMARK [2][-]{subsection.2.5.1}{\376\377\000C\000o\000n\000t\000e\000x\000t\000e\000\040\000e\000t\000\040\000a\000r\000c\000h\000i\000t\000e\000c\000t\000u\000r\000e}{section.2.5}% 53
\BOOKMARK [3][-]{subsubsection.2.5.1.1}{\376\377\000T\000o\000p\000o\000l\000o\000g\000i\000e\000\040\000e\000t\000\040\000r\000\364\000l\000e\000s\000\040\000d\000e\000s\000\040\000n\001\123\000u\000d\000s}{subsection.2.5.1}% 54
\BOOKMARK [3][-]{subsubsection.2.5.1.2}{\376\377\000M\000\351\000c\000a\000n\000i\000s\000m\000e\000\040\000d\000e\000\040\000R\000a\000t\000e\000\040\000L\000i\000m\000i\000t\000i\000n\000g\000\040\000c\000o\000o\000p\000\351\000r\000a\000t\000i\000f}{subsection.2.5.1}% 55
\BOOKMARK [3][-]{subsubsection.2.5.1.3}{\376\377\000P\000r\000o\000t\000o\000c\000o\000l\000e\000\040\000d\000e\000\040\000c\000o\000m\000m\000u\000n\000i\000c\000a\000t\000i\000o\000n\000\040\000o\000v\000e\000r\000l\000a\000y}{subsection.2.5.1}% 56
\BOOKMARK [2][-]{subsection.2.5.2}{\376\377\000L\000i\000m\000i\000t\000e\000s\000\040\000i\000d\000e\000n\000t\000i\000f\000i\000\351\000e\000s}{section.2.5}% 57
\BOOKMARK [1][-]{section.2.6}{\376\377\000S\000y\000n\000t\000h\000\350\000s\000e\000\040\000c\000o\000m\000p\000a\000r\000a\000t\000i\000v\000e}{chapter.2}% 58
\BOOKMARK [1][-]{section.2.7}{\376\377\000C\000o\000n\000c\000l\000u\000s\000i\000o\000n}{chapter.2}% 59
\BOOKMARK [0][-]{chapter.3}{\376\377\000C\000o\000n\000c\000e\000p\000t\000i\000o\000n\000\040\000e\000t\000\040\000I\000m\000p\000l\000\351\000m\000e\000n\000t\000a\000t\000i\000o\000n\000\040\000d\000e\000\040\000S\000h\000i\000e\000l\000d\000N\000e\000t}{}% 60
\BOOKMARK [1][-]{section.3.1}{\376\377\000I\000n\000t\000r\000o\000d\000u\000c\000t\000i\000o\000n}{chapter.3}% 61
\BOOKMARK [1][-]{section.3.2}{\376\377\000A\000r\000c\000h\000i\000t\000e\000c\000t\000u\000r\000e\000\040\000G\000\351\000n\000\351\000r\000a\000l\000e\000\040\000d\000e\000\040\000S\000h\000i\000e\000l\000d\000N\000e\000t}{chapter.3}% 62
\BOOKMARK [2][-]{subsection.3.2.1}{\376\377\000V\000u\000e\000\040\000d\000'\000e\000n\000s\000e\000m\000b\000l\000e}{section.3.2}% 63
\BOOKMARK [2][-]{subsection.3.2.2}{\376\377\000P\000i\000l\000e\000\040\000t\000e\000c\000h\000n\000o\000l\000o\000g\000i\000q\000u\000e}{section.3.2}% 64
\BOOKMARK [2][-]{subsection.3.2.3}{\376\377\000S\000t\000r\000u\000c\000t\000u\000r\000e\000\040\000d\000u\000\040\000p\000r\000o\000j\000e\000t}{section.3.2}% 65
\BOOKMARK [1][-]{section.3.3}{\376\377\000M\000o\000d\000\350\000l\000e\000\040\000d\000e\000\040\000D\000o\000n\000n\000\351\000e\000s\000\040\000R\000e\000l\000a\000t\000i\000o\000n\000n\000e\000l}{chapter.3}% 66
\BOOKMARK [2][-]{subsection.3.3.1}{\376\377\000V\000u\000e\000\040\000d\000'\000e\000n\000s\000e\000m\000b\000l\000e\000\040\000d\000u\000\040\000s\000c\000h\000\351\000m\000a}{section.3.3}% 67
\BOOKMARK [2][-]{subsection.3.3.2}{\376\377\000T\000a\000b\000l\000e\000\040\000P\000E\000E\000R\000S}{section.3.3}% 68
\BOOKMARK [2][-]{subsection.3.3.3}{\376\377\000T\000a\000b\000l\000e\000\040\000H\000E\000L\000P\000\137\000S\000E\000S\000S\000I\000O\000N\000S}{section.3.3}% 69
\BOOKMARK [2][-]{subsection.3.3.4}{\376\377\000I\000n\000i\000t\000i\000a\000l\000i\000s\000a\000t\000i\000o\000n\000\040\000e\000t\000\040\000s\000y\000n\000c\000h\000r\000o\000n\000i\000s\000a\000t\000i\000o\000n\000\040\000d\000e\000\040\000l\000a\000\040\000b\000a\000s\000e}{section.3.3}% 70
\BOOKMARK [1][-]{section.3.4}{\376\377\000M\000o\000d\000u\000l\000e\000\040\000d\000'\000A\000u\000t\000h\000e\000n\000t\000i\000f\000i\000c\000a\000t\000i\000o\000n\000\040\000:\000\040\000J\000W\000T\000\040\000R\000S\0002\0005\0006\000\040\000e\000t\000\040\000m\000T\000L\000S}{chapter.3}% 71
\BOOKMARK [2][-]{subsection.3.4.1}{\376\377\000P\000r\000i\000n\000c\000i\000p\000e\000s\000\040\000d\000e\000\040\000s\000\351\000c\000u\000r\000i\000t\000\351}{section.3.4}% 72
\BOOKMARK [2][-]{subsection.3.4.2}{\376\377\000A\000r\000c\000h\000i\000t\000e\000c\000t\000u\000r\000e\000\040\000J\000W\000T\000\040\000a\000s\000y\000m\000\351\000t\000r\000i\000q\000u\000e}{section.3.4}% 73
\BOOKMARK [2][-]{subsection.3.4.3}{\376\377\000G\000\351\000n\000\351\000r\000a\000t\000i\000o\000n\000\040\000d\000u\000\040\000t\000o\000k\000e\000n}{section.3.4}% 74
\BOOKMARK [2][-]{subsection.3.4.4}{\376\377\000V\000\351\000r\000i\000f\000i\000c\000a\000t\000i\000o\000n\000\040\000d\000u\000\040\000t\000o\000k\000e\000n\000\040\000\050\000m\000i\000d\000d\000l\000e\000w\000a\000r\000e\000\051}{section.3.4}% 75
\BOOKMARK [3][-]{subsubsection.3.4.4.1}{\376\377\000G\000e\000s\000t\000i\000o\000n\000\040\000d\000e\000s\000\040\000r\000o\000u\000t\000e\000s\000\040\000p\000u\000b\000l\000i\000q\000u\000e\000s}{subsection.3.4.4}% 76
\BOOKMARK [2][-]{subsection.3.4.5}{\376\377\000C\000o\000r\000r\000e\000c\000t\000i\000o\000n\000\040\000d\000'\000u\000n\000\040\000b\000u\000g\000\040\000c\000r\000i\000t\000i\000q\000u\000e\000\040\000d\000e\000\040\000b\000o\000o\000t\000s\000t\000r\000a\000p\000p\000i\000n\000g}{section.3.4}% 77
\BOOKMARK [2][-]{subsection.3.4.6}{\376\377\000M\000i\000d\000d\000l\000e\000w\000a\000r\000e\000\040\000m\000T\000L\000S}{section.3.4}% 78
\BOOKMARK [1][-]{section.3.5}{\376\377\000M\000o\000d\000u\000l\000e\000\040\000d\000e\000\040\000D\000\351\000c\000o\000u\000v\000e\000r\000t\000e\000\040\000e\000t\000\040\000G\000e\000s\000t\000i\000o\000n\000\040\000d\000e\000s\000\040\000P\000a\000i\000r\000s}{chapter.3}% 79
\BOOKMARK [2][-]{subsection.3.5.1}{\376\377\000V\000u\000e\000\040\000d\000'\000e\000n\000s\000e\000m\000b\000l\000e}{section.3.5}% 80
\BOOKMARK [2][-]{subsection.3.5.2}{\376\377\000E\000n\000r\000e\000g\000i\000s\000t\000r\000e\000m\000e\000n\000t\000\040\000t\000r\000a\000n\000s\000a\000c\000t\000i\000o\000n\000n\000e\000l\000\040\000d\000e\000s\000\040\000p\000a\000i\000r\000s}{section.3.5}% 81
\BOOKMARK [2][-]{subsection.3.5.3}{\376\377\000P\000r\000o\000t\000o\000c\000o\000l\000e\000\040\000d\000e\000\040\000h\000e\000a\000r\000t\000b\000e\000a\000t}{section.3.5}% 82
\BOOKMARK [2][-]{subsection.3.5.4}{\376\377\000M\000a\000c\000h\000i\000n\000e\000\040\000\340\000\040\000\351\000t\000a\000t\000s\000\040\000d\000e\000s\000\040\000p\000a\000i\000r\000s}{section.3.5}% 83
\BOOKMARK [1][-]{section.3.6}{\376\377\000M\000o\000d\000u\000l\000e\000\040\000d\000e\000\040\000C\000o\000a\000l\000i\000t\000i\000o\000n\000\040\000A\000n\000t\000i\000-\000D\000D\000o\000S}{chapter.3}% 84
\BOOKMARK [2][-]{subsection.3.6.1}{\376\377\000C\000y\000c\000l\000e\000\040\000d\000e\000\040\000v\000i\000e\000\040\000d\000'\000u\000n\000e\000\040\000a\000t\000t\000a\000q\000u\000e}{section.3.6}% 85
\BOOKMARK [2][-]{subsection.3.6.2}{\376\377\000D\000\351\000t\000e\000c\000t\000i\000o\000n\000\040\000e\000t\000\040\000a\000l\000e\000r\000t\000e}{section.3.6}% 86
\BOOKMARK [2][-]{subsection.3.6.3}{\376\377\000N\000\351\000g\000o\000c\000i\000a\000t\000i\000o\000n\000\040\000e\000t\000\040\000r\000e\000d\000i\000r\000e\000c\000t\000i\000o\000n}{section.3.6}% 87
\BOOKMARK [2][-]{subsection.3.6.4}{\376\377\000C\000l\000\364\000t\000u\000r\000e\000\040\000e\000t\000\040\000m\000i\000s\000e\000\040\000\340\000\040\000j\000o\000u\000r\000\040\000d\000e\000s\000\040\000c\000r\000\351\000d\000i\000t\000s}{section.3.6}% 88
\BOOKMARK [1][-]{section.3.7}{\376\377\000A\000l\000g\000o\000r\000i\000t\000h\000m\000e\000\040\000W\000S\000M\000\040\000d\000e\000\040\000S\000\351\000l\000e\000c\000t\000i\000o\000n\000\040\000d\000e\000s\000\040\000P\000a\000i\000r\000s}{chapter.3}% 89
\BOOKMARK [2][-]{subsection.3.7.1}{\376\377\000F\000o\000r\000m\000a\000l\000i\000s\000a\000t\000i\000o\000n\000\040\000m\000a\000t\000h\000\351\000m\000a\000t\000i\000q\000u\000e}{section.3.7}% 90
\BOOKMARK [2][-]{subsection.3.7.2}{\376\377\000P\000o\000i\000d\000s\000\040\000A\000H\000P\000\040\000v\000a\000l\000i\000d\000\351\000s}{section.3.7}% 91
\BOOKMARK [2][-]{subsection.3.7.3}{\376\377\000I\000m\000p\000l\000\351\000m\000e\000n\000t\000a\000t\000i\000o\000n}{section.3.7}% 92
\BOOKMARK [2][-]{subsection.3.7.4}{\376\377\000C\000o\000n\000t\000r\000a\000i\000n\000t\000e\000\040\000d\000'\000a\000l\000l\000o\000c\000a\000t\000i\000o\000n}{section.3.7}% 93
\BOOKMARK [2][-]{subsection.3.7.5}{\376\377\000E\000x\000e\000m\000p\000l\000e\000\040\000n\000u\000m\000\351\000r\000i\000q\000u\000e}{section.3.7}% 94
\BOOKMARK [1][-]{section.3.8}{\376\377\000M\000o\000d\000\350\000l\000e\000\040\000d\000e\000\040\000C\000o\000n\000f\000i\000a\000n\000c\000e\000\040\000P\000e\000e\000r\000T\000r\000u\000s\000t}{chapter.3}% 95
\BOOKMARK [2][-]{subsection.3.8.1}{\376\377\000F\000o\000r\000m\000u\000l\000a\000t\000i\000o\000n\000\040\000m\000a\000t\000h\000\351\000m\000a\000t\000i\000q\000u\000e}{section.3.8}% 96
\BOOKMARK [2][-]{subsection.3.8.2}{\376\377\000P\000o\000i\000d\000s\000\040\000c\000o\000n\000t\000e\000x\000t\000u\000e\000l\000s\000\040\000d\000e\000\040\000s\000\351\000v\000\351\000r\000i\000t\000\351}{section.3.8}% 97
\BOOKMARK [2][-]{subsection.3.8.3}{\376\377\000N\000i\000v\000e\000a\000u\000x\000\040\000d\000e\000\040\000c\000o\000n\000f\000i\000a\000n\000c\000e}{section.3.8}% 98
\BOOKMARK [2][-]{subsection.3.8.4}{\376\377\000I\000m\000p\000l\000\351\000m\000e\000n\000t\000a\000t\000i\000o\000n\000\040\000d\000u\000\040\000c\000a\000l\000c\000u\000l}{section.3.8}% 99
\BOOKMARK [2][-]{subsection.3.8.5}{\376\377\000P\000e\000r\000s\000i\000s\000t\000a\000n\000c\000e\000\040\000e\000t\000\040\000a\000c\000t\000i\000o\000n\000s\000\040\000a\000u\000t\000o\000m\000a\000t\000i\000q\000u\000e\000s}{section.3.8}% 100
\BOOKMARK [2][-]{subsection.3.8.6}{\376\377\000E\000x\000e\000m\000p\000l\000e\000\040\000d\000e\000\040\000d\000\351\000g\000r\000a\000d\000a\000t\000i\000o\000n\000\040\000d\000u\000\040\000s\000c\000o\000r\000e}{section.3.8}% 101
\BOOKMARK [2][-]{subsection.3.8.7}{\376\377\000A\000P\000I\000\040\000d\000e\000\040\000g\000e\000s\000t\000i\000o\000n\000\040\000d\000e\000\040\000l\000a\000\040\000c\000o\000n\000f\000i\000a\000n\000c\000e}{section.3.8}% 102
\BOOKMARK [1][-]{section.3.9}{\376\377\000S\000e\000r\000v\000i\000c\000e\000\040\000d\000e\000\040\000H\000e\000a\000r\000t\000b\000e\000a\000t\000\040\000A\000u\000t\000o\000m\000a\000t\000i\000q\000u\000e}{chapter.3}% 103
\BOOKMARK [2][-]{subsection.3.9.1}{\376\377\000A\000r\000c\000h\000i\000t\000e\000c\000t\000u\000r\000e\000\040\000d\000u\000\040\000s\000e\000r\000v\000i\000c\000e}{section.3.9}% 104
\BOOKMARK [2][-]{subsection.3.9.2}{\376\377\000G\000e\000s\000t\000i\000o\000n\000\040\000d\000e\000s\000\040\000p\000a\000i\000r\000s\000\040\000i\000n\000j\000o\000i\000g\000n\000a\000b\000l\000e\000s}{section.3.9}% 105
\BOOKMARK [1][-]{section.3.10}{\376\377\000I\000n\000f\000r\000a\000s\000t\000r\000u\000c\000t\000u\000r\000e\000\040\000d\000e\000\040\000D\000\351\000p\000l\000o\000i\000e\000m\000e\000n\000t}{chapter.3}% 106
\BOOKMARK [2][-]{subsection.3.10.1}{\376\377\000C\000o\000n\000t\000e\000n\000e\000u\000r\000i\000s\000a\000t\000i\000o\000n\000\040\000D\000o\000c\000k\000e\000r}{section.3.10}% 107
\BOOKMARK [2][-]{subsection.3.10.2}{\376\377\000G\000\351\000n\000\351\000r\000a\000t\000i\000o\000n\000\040\000d\000e\000s\000\040\000c\000e\000r\000t\000i\000f\000i\000c\000a\000t\000s\000\040\000T\000L\000S}{section.3.10}% 108
\BOOKMARK [2][-]{subsection.3.10.3}{\376\377\000C\000l\000i\000e\000n\000t\000\040\000H\000T\000T\000P\000S\000/\000m\000T\000L\000S}{section.3.10}% 109
\BOOKMARK [1][-]{section.3.11}{\376\377\000S\000c\000r\000i\000p\000t\000\040\000d\000e\000\040\000D\000\351\000m\000o\000n\000s\000t\000r\000a\000t\000i\000o\000n}{chapter.3}% 110
\BOOKMARK [2][-]{subsection.3.11.1}{\376\377\000A\000r\000c\000h\000i\000t\000e\000c\000t\000u\000r\000e\000\040\000d\000u\000\040\000s\000c\000\351\000n\000a\000r\000i\000o}{section.3.11}% 111
\BOOKMARK [2][-]{subsection.3.11.2}{\376\377\000P\000h\000a\000s\000e\000\040\0000\000\040\040\024\000\040\000R\000\351\000i\000n\000i\000t\000i\000a\000l\000i\000s\000a\000t\000i\000o\000n}{section.3.11}% 112
\BOOKMARK [2][-]{subsection.3.11.3}{\376\377\000P\000h\000a\000s\000e\000\040\0003\000\040\040\024\000\040\000S\000i\000m\000u\000l\000a\000t\000i\000o\000n\000\040\000d\000e\000\040\000l\000'\000a\000t\000t\000a\000q\000u\000e}{section.3.11}% 113
\BOOKMARK [2][-]{subsection.3.11.4}{\376\377\000P\000h\000a\000s\000e\000\040\0004\000\040\040\024\000\040\000R\000\351\000s\000u\000l\000t\000a\000t\000\040\000d\000e\000\040\000l\000a\000\040\000s\000\351\000l\000e\000c\000t\000i\000o\000n\000\040\000W\000S\000M}{section.3.11}% 114
\BOOKMARK [2][-]{subsection.3.11.5}{\376\377\000R\000\351\000s\000u\000l\000t\000a\000t\000s\000\040\000d\000e\000\040\000l\000a\000\040\000d\000\351\000m\000o\000n\000s\000t\000r\000a\000t\000i\000o\000n}{section.3.11}% 115
\BOOKMARK [1][-]{section.3.12}{\376\377\000M\000o\000n\000i\000t\000o\000r\000i\000n\000g\000\040\000e\000t\000\040\000J\000o\000u\000r\000n\000a\000l\000i\000s\000a\000t\000i\000o\000n}{chapter.3}% 116
\BOOKMARK [2][-]{subsection.3.12.1}{\376\377\000J\000o\000u\000r\000n\000a\000l\000\040\000d\000'\000a\000u\000d\000i\000t}{section.3.12}% 117
\BOOKMARK [2][-]{subsection.3.12.2}{\376\377\000E\000n\000d\000p\000o\000i\000n\000t\000\040\000d\000e\000\040\000m\000o\000n\000i\000t\000o\000r\000i\000n\000g}{section.3.12}% 118
\BOOKMARK [1][-]{section.3.13}{\376\377\000S\000\351\000c\000u\000r\000i\000t\000\351\000\040\000e\000t\000\040\000C\000o\000n\000s\000i\000d\000\351\000r\000a\000t\000i\000o\000n\000s\000\040\000d\000e\000\040\000P\000r\000o\000d\000u\000c\000t\000i\000o\000n}{chapter.3}% 119
\BOOKMARK [2][-]{subsection.3.13.1}{\376\377\000M\000e\000s\000u\000r\000e\000s\000\040\000d\000e\000\040\000s\000\351\000c\000u\000r\000i\000t\000\351\000\040\000i\000m\000p\000l\000\351\000m\000e\000n\000t\000\351\000e\000s}{section.3.13}% 120
\BOOKMARK [2][-]{subsection.3.13.2}{\376\377\000L\000i\000m\000i\000t\000a\000t\000i\000o\000n\000s\000\040\000a\000c\000t\000u\000e\000l\000l\000e\000s\000\040\000e\000t\000\040\000p\000e\000r\000s\000p\000e\000c\000t\000i\000v\000e\000s}{section.3.13}% 121
\BOOKMARK [1][-]{section.3.14}{\376\377\000S\000y\000n\000t\000h\000\350\000s\000e\000\040\000e\000t\000\040\000B\000i\000l\000a\000n\000\040\000d\000e\000\040\000l\000a\000\040\000C\000o\000n\000t\000r\000i\000b\000u\000t\000i\000o\000n}{chapter.3}% 122
\BOOKMARK [0][-]{chapter*.40}{\376\377\000B\000i\000b\000l\000i\000o\000g\000r\000a\000p\000h\000i\000e}{}% 123
